c:\users\dmg\c++\repos\pv-creativity\pv-commandline\release\vc142.pdb
c:\users\dmg\c++\repos\pv-creativity\pv-commandline\release\pv_commandline.obj
c:\users\dmg\c++\repos\pv-creativity\pv-commandline\release\sun_fp.obj
c:\users\dmg\c++\repos\pv-creativity\pv-commandline\release\panel_pv_fp.obj
c:\users\dmg\c++\repos\pv-creativity\pv-commandline\release\panel_irradiance.obj
c:\users\dmg\c++\repos\pv-creativity\pv-commandline\release\irradiance_fp.obj
c:\users\dmg\c++\repos\pv-creativity\pv-commandline\bin\pv-commandline.exe
c:\users\dmg\c++\repos\pv-creativity\pv-commandline\bin\pv-commandline.pdb
c:\users\dmg\c++\repos\pv-creativity\pv-commandline\bin\pv-commandline.ipdb
c:\users\dmg\c++\repos\pv-creativity\pv-commandline\bin\pv-commandline.iobj
c:\users\dmg\c++\repos\pv-creativity\pv-commandline\release\vcpkg.applocal.log
c:\users\dmg\c++\repos\pv-creativity\pv-commandline\.\bin\pv-commandline.exe
c:\users\dmg\c++\repos\pv-creativity\pv-commandline\release\pv-commandline.tlog\cl.command.1.tlog
c:\users\dmg\c++\repos\pv-creativity\pv-commandline\release\pv-commandline.tlog\cl.read.1.tlog
c:\users\dmg\c++\repos\pv-creativity\pv-commandline\release\pv-commandline.tlog\cl.write.1.tlog
c:\users\dmg\c++\repos\pv-creativity\pv-commandline\release\pv-commandline.tlog\link.command.1.tlog
c:\users\dmg\c++\repos\pv-creativity\pv-commandline\release\pv-commandline.tlog\link.delete.1.tlog
c:\users\dmg\c++\repos\pv-creativity\pv-commandline\release\pv-commandline.tlog\link.read.1.tlog
c:\users\dmg\c++\repos\pv-creativity\pv-commandline\release\pv-commandline.tlog\link.write.1.tlog
c:\users\dmg\c++\repos\pv-creativity\pv-commandline\release\pv-commandline.tlog\pv-commandline.write.1u.tlog
