Build started 09/02/2020 20:48:02.
Logging verbosity is set to: Normal.     1>Project "C:\Users\dmg\C++\repos\pv-creativity\geometries\geometries-vsprj\geometries-vsprj.vcxproj" on node 2 (Build target(s)).
     1>C:\Program Files (x86)\Microsoft Visual Studio\2019\Community\MSBuild\Microsoft\VC\v160\Microsoft.CppBuild.targets(445,5): warning MSB8004: Output Directory does not end with a trailing slash.  This build instance will add the slash as it is required to allow proper evaluation of the Output Directory.
     1>InitializeBuildStatus:
         Creating "Release\geometries-vsprj.tlog\unsuccessfulbuild" because "AlwaysCreate" was specified.
       VcpkgTripletSelection:
         Using triplet "x86-windows" from "C:\Users\dmg\C++\vcpkg\installed\x86-windows\"
       ClCompile:
         C:\Program Files (x86)\Microsoft Visual Studio\2019\Community\VC\Tools\MSVC\14.24.28314\bin\HostX86\x86\CL.exe /c /I"C:\Users\dmg\C++\vcpkg\installed\x86-windows\include" /Zi /nologo /W3 /WX- /diagnostics:column /sdl /O2 /Oi /Oy- /GL /D NDEBUG /D _CONSOLE /D _UNICODE /D UNICODE /Gm- /EHsc /MD /GS /Gy /fp:precise /permissive- /Zc:wchar_t /Zc:forScope /Zc:inline /Fo"Release\\" /Fd"Release\vc142.pdb" /Gd /TP /analyze- /FC /errorReport:prompt ..\geometrie.cpp
         geometrie.cpp
       Link:
         C:\Program Files (x86)\Microsoft Visual Studio\2019\Community\VC\Tools\MSVC\14.24.28314\bin\HostX86\x86\link.exe /ERRORREPORT:PROMPT /OUT:"..\geometries-vsprj.exe" /INCREMENTAL:NO /NOLOGO /LIBPATH:"C:\Users\dmg\C++\vcpkg\installed\x86-windows\lib" /LIBPATH:"C:\Users\dmg\C++\vcpkg\installed\x86-windows\lib\manual-link" kernel32.lib user32.lib gdi32.lib winspool.lib comdlg32.lib advapi32.lib shell32.lib ole32.lib oleaut32.lib uuid.lib odbc32.lib odbccp32.lib "C:\Users\dmg\C++\vcpkg\installed\x86-windows\lib\*.lib" /MANIFEST /MANIFESTUAC:"level='asInvoker' uiAccess='false'" /manifest:embed /DEBUG /PDB:"..\geometries-vsprj.pdb" /SUBSYSTEM:CONSOLE /OPT:REF /OPT:ICF /LTCG:incremental /TLBID:1 /DYNAMICBASE /NXCOMPAT /IMPLIB:"..\geometries-vsprj.lib" /MACHINE:X86 /SAFESEH Release\geometrie.obj
         Generating code
         Previous IPDB not found, fall back to full compilation.
         All 178 functions were compiled because no usable IPDB/IOBJ from previous compilation was found.
         Finished generating code
         geometries-vsprj.vcxproj -> C:\Users\dmg\C++\repos\pv-creativity\geometries\geometries-vsprj\..\geometries-vsprj.exe
       AppLocalFromInstalled:
         C:\WINDOWS\System32\WindowsPowerShell\v1.0\powershell.exe -ExecutionPolicy Bypass -noprofile -File "C:\Users\dmg\C++\vcpkg\scripts\buildsystems\msbuild\applocal.ps1" "C:\Users\dmg\C++\repos\pv-creativity\geometries\geometries-vsprj\..\geometries-vsprj.exe" "C:\Users\dmg\C++\vcpkg\installed\x86-windows\bin" "Release\geometries-vsprj.tlog\geometries-vsprj.write.1u.tlog" "Release\vcpkg.applocal.log"
       FinalizeBuildStatus:
         Deleting file "Release\geometries-vsprj.tlog\unsuccessfulbuild".
         Touching "Release\geometries-vsprj.tlog\geometries-vsprj.lastbuildstate".
     1>Done Building Project "C:\Users\dmg\C++\repos\pv-creativity\geometries\geometries-vsprj\geometries-vsprj.vcxproj" (Build target(s)).

Build succeeded.

       "C:\Users\dmg\C++\repos\pv-creativity\geometries\geometries-vsprj\geometries-vsprj.vcxproj" (Build target) (1) ->
       (PrepareForBuild target) -> 
         C:\Program Files (x86)\Microsoft Visual Studio\2019\Community\MSBuild\Microsoft\VC\v160\Microsoft.CppBuild.targets(445,5): warning MSB8004: Output Directory does not end with a trailing slash.  This build instance will add the slash as it is required to allow proper evaluation of the Output Directory.

    1 Warning(s)
    0 Error(s)

Time Elapsed 00:00:04.28
